<?xml version="1.0" encoding="UTF-8"?>
<testsuite xmlns:xsi="http://www.w3.org/2001/XMLSchema-instance" xsi:noNamespaceSchemaLocation="https://maven.apache.org/surefire/maven-surefire-plugin/xsd/surefire-test-report-3.0.xsd" version="3.0" name="runner.TestRunner" time="15.927" tests="1" errors="0" skipped="0" failures="0">
  <properties>
[...]
</properties>
  <testcase name="Buy a SwagLabs product successfully" classname="Buy Product" time="15.198">
    <system-out><![CDATA[
@End2End
Scenario Outline: Buy a SwagLabs product successfully                                    &amp#27;[90m# src/test/resources/features/WebUI/BuyProduct.feature:14&amp#27;[0m
  &amp#27;[32mGiven &amp#27;[0m&amp#27;[32mUser launched SwagLabs application&amp#27;[0m                                               &amp#27;[90m# stepdefinitions.UIStepDefinitions.user_launched_swaglabs_application()&amp#27;[0m

    Embedding screenshot.png [image/png 31343 bytes]

  &amp#27;[32mWhen &amp#27;[0m&amp#27;[32mUser logged in the app using username &amp#27;[0m&amp#27;[32m&amp#27;[1m"standard_user"&amp#27;[0m&amp#27;[32m and password &amp#27;[0m&amp#27;[32m&amp#27;[1m"secret_sauce"&amp#27;[0m &amp#27;[90m# stepdefinitions.UIStepDefinitions.user_logged_in_the_app_using_username_and_password(java.lang.String,java.lang.String)&amp#27;[0m

    Embedding screenshot.png [image/png 258776 bytes]

  &amp#27;[32mAnd &amp#27;[0m&amp#27;[32mUser adds &amp#27;[0m&amp#27;[32m&amp#27;[1m"Sauce Labs Fleece Jacket"&amp#27;[0m&amp#27;[32m product to the cart&amp#27;[0m                           &amp#27;[90m# stepdefinitions.UIStepDefinitions.user_adds_product_to_the_cart(java.lang.String)&amp#27;[0m

    Embedding screenshot.png [image/png 23207 bytes]

  &amp#27;[32mAnd &amp#27;[0m&amp#27;[32mUser enters Checkout details with &amp#27;[0m&amp#27;[32m&amp#27;[1m"Ashish"&amp#27;[0m&amp#27;[32m, &amp#27;[0m&amp#27;[32m&amp#27;[1m"Ghosh"&amp#27;[0m&amp#27;[32m, &amp#27;[0m&amp#27;[32m&amp#27;[1m"1181"&amp#27;[0m                        &amp#27;[90m# stepdefinitions.UIStepDefinitions.user_enters_Checkout_details_with(java.lang.String,java.lang.String,java.lang.String)&amp#27;[0m

    Embedding screenshot.png [image/png 20862 bytes]

  &amp#27;[32mAnd &amp#27;[0m&amp#27;[32mUser completes Checkout process&amp#27;[0m                                                    &amp#27;[90m# stepdefinitions.UIStepDefinitions.user_completes_checkout_process()&amp#27;[0m

    Embedding screenshot.png [image/png 43372 bytes]

  &amp#27;[32mThen &amp#27;[0m&amp#27;[32mUser should get the Confirmation of Order&amp#27;[0m                                         &amp#27;[90m# stepdefinitions.UIStepDefinitions.user_should_get_the_Confirmation_of_Order()&amp#27;[0m

    Embedding screenshot.png [image/png 43372 bytes]

]]></system-out>
  </testcase>
</testsuite>